COVID19/app/build/intermediates/manifest_merge_blame_file/debug/manifest-merger-blame-debug-report.txt
1<?xml version="1.0" encoding="utf-8"?>
2<manifest xmlns:android="http://schemas.android.com/apk/res/android"
3    package="com.example.covid_19"
4    android:versionCode="1"
5    android:versionName="1.0" >
6
7    <uses-sdk
8        android:minSdkVersion="23"
8-->src\main\AndroidManifest.xml
9        android:targetSdkVersion="30" />
9-->src\main\AndroidManifest.xml
10
11    <application
11-->src\main\AndroidManifest.xml:5:5-27:19
12        android:allowBackup="true"
12-->src\main\AndroidManifest.xml:6:9-35
13        android:appComponentFactory="androidx.core.app.CoreComponentFactory"
13-->[androidx.core:core:1.3.1] AndroidManifest.xml:24:18-86
14        android:debuggable="true"
15        android:extractNativeLibs="false"
16        android:icon="@mipmap/ic_appicon"
16-->src\main\AndroidManifest.xml:7:9-42
17        android:label="@string/app_name"
17-->src\main\AndroidManifest.xml:8:9-41
18        android:roundIcon="@mipmap/ic_launcher_round"
18-->src\main\AndroidManifest.xml:9:9-54
19        android:supportsRtl="true"
19-->src\main\AndroidManifest.xml:10:9-35
20        android:testOnly="true"
21        android:theme="@style/Theme.COVID19" >
21-->src\main\AndroidManifest.xml:11:9-45
22        <activity android:name="com.example.covid_19.plasma_page" />
22-->src\main\AndroidManifest.xml:12:9-58
22-->src\main\AndroidManifest.xml:12:19-46
23        <activity android:name="com.example.covid_19.donar_page" />
23-->src\main\AndroidManifest.xml:13:9-48
23-->src\main\AndroidManifest.xml:13:19-45
24        <activity android:name="com.example.covid_19.page2" />
24-->src\main\AndroidManifest.xml:14:9-43
24-->src\main\AndroidManifest.xml:14:19-40
25        <activity android:name="com.example.covid_19.stat_page" />
25-->src\main\AndroidManifest.xml:15:9-47
25-->src\main\AndroidManifest.xml:15:19-44
26        <activity
26-->src\main\AndroidManifest.xml:16:9-18:60
27            android:name="com.example.covid_19.ui.login.LoginActivity"
27-->src\main\AndroidManifest.xml:17:13-51
28            android:label="@string/title_activity_login" />
28-->src\main\AndroidManifest.xml:18:13-57
29        <activity android:name="com.example.covid_19.page1" >
29-->src\main\AndroidManifest.xml:19:9-25:20
29-->src\main\AndroidManifest.xml:19:19-40
30            <intent-filter>
30-->src\main\AndroidManifest.xml:20:13-24:29
31                <action android:name="android.intent.action.MAIN" />
31-->src\main\AndroidManifest.xml:21:17-69
31-->src\main\AndroidManifest.xml:21:25-66
32
33                <category android:name="android.intent.category.LAUNCHER" />
33-->src\main\AndroidManifest.xml:23:17-77
33-->src\main\AndroidManifest.xml:23:27-74
34            </intent-filter>
35        </activity>
36        <activity android:name="com.example.covid_19.MainActivity" />
36-->src\main\AndroidManifest.xml:26:9-50
36-->src\main\AndroidManifest.xml:26:19-47
37    </application>
38
39</manifest>